<?xml version="1.0" encoding="UTF-8"?>
<!-- Generated by org.testng.reporters.JUnitReportReporter -->
<testsuite hostname="DESKTOP-4CJM1GA" failures="0" tests="4" name="api.test.UserTests" time="4.246" errors="0" timestamp="2025-04-17T17:16:58 IST" skipped="0">
  <testcase classname="api.test.UserTests" name="testPostuser" time="2.172"/>
  <testcase classname="api.test.UserTests" name="testGetUserbyName" time="0.555"/>
  <testcase classname="api.test.UserTests" name="testUpdateUserByName" time="1.021"/>
  <testcase classname="api.test.UserTests" name="testDeleteUserbyName" time="0.498"/>
</testsuite> <!-- api.test.UserTests -->
