<?xml version="1.0" encoding="UTF-8"?>
<!-- Generated by org.testng.reporters.JUnitReportReporter -->
<testsuite hostname="DESKTOP-4CJM1GA" failures="0" tests="4" name="api.test.UserTestsWithPropFile" time="5.680" errors="0" timestamp="2025-04-17T16:58:22 IST" skipped="0">
  <testcase classname="api.test.UserTestsWithPropFile" name="testPostuser" time="3.679"/>
  <testcase classname="api.test.UserTestsWithPropFile" name="testGetUserbyName" time="0.517"/>
  <testcase classname="api.test.UserTestsWithPropFile" name="testUpdateUserByName" time="1.011"/>
  <testcase classname="api.test.UserTestsWithPropFile" name="testDeleteUserbyName" time="0.473"/>
</testsuite> <!-- api.test.UserTestsWithPropFile -->
