<?xml version="1.0" encoding="UTF-8"?>
<!-- Generated by org.testng.reporters.JUnitReportReporter -->
<testsuite hostname="DESKTOP-4CJM1GA" failures="0" tests="8" name="api.test.DataDrivenTests" time="4.956" errors="0" timestamp="2025-04-16T15:47:10 IST" skipped="0">
  <testcase classname="api.test.DataDrivenTests" name="testPostUser" time="0.476"/>
  <testcase classname="api.test.DataDrivenTests" name="testPostUser" time="0.482"/>
  <testcase classname="api.test.DataDrivenTests" name="testPostUser" time="1.609"/>
  <testcase classname="api.test.DataDrivenTests" name="testPostUser" time="0.474"/>
  <testcase classname="api.test.DataDrivenTests" name="testDeleteUsersbyName" time="0.490"/>
  <testcase classname="api.test.DataDrivenTests" name="testDeleteUsersbyName" time="0.479"/>
  <testcase classname="api.test.DataDrivenTests" name="testDeleteUsersbyName" time="0.477"/>
  <testcase classname="api.test.DataDrivenTests" name="testDeleteUsersbyName" time="0.469"/>
</testsuite> <!-- api.test.DataDrivenTests -->
